app/seeds.txt
com.aitgacem.budgeter.ui.viewmodels.DepositViewModel$saveTransaction$1
com.aitgacem.budgeter.ui.screens.ComposableSingletons$DepositScreenKt$lambda-4$1$1
com.aitgacem.budgeter.ui.screens.ComposableSingletons$WithdrawScreenKt$lambda-3$1
com.aitgacem.budgeter.ui.screens.ComposableSingletons$WithdrawScreenKt$lambda-10$1
com.aitgacem.budgeter.data.TransactionDao_Impl$1
com.aitgacem.budgeter.ui.screens.OverviewScreenKt$OverviewScreenContent$1$invoke$$inlined$items$default$1
com.aitgacem.budgeter.R$string
com.aitgacem.budgeter.ui.screens.ComposableSingletons$OverviewScreenKt
com.aitgacem.budgeter.ui.screens.ComposableSingletons$WithdrawScreenKt$lambda-5$1
com.aitgacem.budgeter.R$style
com.aitgacem.budgeter.ui.screens.Day
com.aitgacem.budgeter.ui.screens.ComposableSingletons$DepositScreenKt$lambda-6$1
com.aitgacem.budgeter.ui.screens.ComposableSingletons$DepositScreenKt$lambda-1$1
com.aitgacem.budgeter.ui.screens.ComposableSingletons$DepositScreenKt$lambda-3$1
com.aitgacem.budgeter.ui.screens.OverviewScreenKt$OverviewScreen$1$1$1$1
com.aitgacem.budgeter.ui.screens.OverviewScreenKt$Budget$1
com.aitgacem.budgeter.ui.screens.OverviewScreenKt$OverviewScreenContent$1
com.aitgacem.budgeter.ui.viewmodels.WithdrawViewModel$Companion
com.aitgacem.budgeter.ComposableSingletons$MainActivityKt$lambda-1$1$2$1$15$1
com.aitgacem.budgeter.ui.screens.ComposableSingletons$DepositScreenKt$lambda-7$1
com.aitgacem.budgeter.ui.screens.AnalyticsScreenKt
com.aitgacem.budgeter.ui.viewmodels.AnalyticsViewModel$Companion
com.aitgacem.budgeter.ui.screens.SettingsScreenKt$SettingsList$1$invoke$$inlined$items$default$3
com.aitgacem.budgeter.ComposableSingletons$MainActivityKt$lambda-1$1$1
com.aitgacem.budgeter.ui.screens.AnalyticsScreenKt$AnalyticsScreenContent$1$1$2
com.aitgacem.budgeter.MainActivityKt$NavBar$1$1$4
com.aitgacem.budgeter.ui.viewmodels.OverviewViewModel$refreshBalance$1
com.aitgacem.budgeter.ui.screens.ComposableSingletons$DepositScreenKt$lambda-4$1
com.aitgacem.budgeter.ComposableSingletons$MainActivityKt$lambda-1$1$2$1$9
com.aitgacem.budgeter.ui.components.Screen$Overview
com.aitgacem.budgeter.R
com.aitgacem.budgeter.ui.viewmodels.MyCustomFormatter
com.aitgacem.budgeter.ui.screens.ComposableSingletons$TransactionsScreenKt$lambda-3$1$2
com.aitgacem.budgeter.ui.screens.DepositScreenKt$DepositContent$1$1
com.aitgacem.budgeter.ui.screens.ComposableSingletons$WithdrawScreenKt$lambda-9$1
com.aitgacem.budgeter.ComposableSingletons$MainActivityKt$lambda-1$1$2$1$12
com.aitgacem.budgeter.ui.screens.DepositScreenKt$DepositContent$1$2$1
com.aitgacem.budgeter.ui.screens.DepositScreenKt
com.aitgacem.budgeter.ui.screens.WithdrawScreenKt
com.aitgacem.budgeter.MainActivityKt$NavBar$1
com.aitgacem.budgeter.ui.screens.ComposableSingletons$AnalyticsScreenKt$lambda-4$1
com.aitgacem.budgeter.ui.viewmodels.OverviewViewModel$Companion
com.aitgacem.budgeter.data.TransactionDatabase
com.aitgacem.budgeter.data.BalanceDao_Impl$12
com.aitgacem.budgeter.ui.screens.ComposableSingletons$OverviewScreenKt$lambda-3$1
com.aitgacem.budgeter.ui.screens.ComposableSingletons$DepositScreenKt
com.aitgacem.budgeter.ComposableSingletons$MainActivityKt$lambda-1$1$2$1$11
com.aitgacem.budgeter.ui.screens.WithdrawScreenKt$WithdrawScreen$2$1
com.aitgacem.budgeter.ui.screens.ComposableSingletons$DepositScreenKt$lambda-10$1
com.aitgacem.budgeter.ui.viewmodels.TransactionDetailsViewModel$loadTransaction$1
com.aitgacem.budgeter.ui.screens.SettingsScreenKt$SettingsList$1$invoke$$inlined$items$default$1
com.aitgacem.budgeter.ui.screens.DepositScreenKt$DepositScreen$1
com.aitgacem.budgeter.ui.screens.ComposableSingletons$OverviewScreenKt$lambda-6$1
com.aitgacem.budgeter.ui.viewmodels.TransactionsViewModel
com.aitgacem.budgeter.ComposableSingletons$MainActivityKt$lambda-1$1$2$1$17
com.aitgacem.budgeter.ui.viewmodels.TransactionsViewModel$1
com.aitgacem.budgeter.data.BalanceDao_Impl$5
com.aitgacem.budgeter.ui.screens.OverviewScreenKt$OperationsPreview$1
...
androidx.appcompat.widget.SwitchCompat: boolean getTargetCheckedState()
com.github.mikephil.charting.charts.Chart: float getExtraBottomOffset()
androidx.appcompat.widget.Toolbar: int getContentInsetStart()
com.google.android.material.chip.Chip: void setCheckedIconEnabledResource(int)
androidx.compose.material3.TextFieldType: androidx.compose.material3.TextFieldType valueOf(java.lang.String)
androidx.core.graphics.drawable.DrawableCompat$Api21Impl: void setHotspot(android.graphics.drawable.Drawable,float,float)
androidx.appcompat.widget.ContentFrameLayout: android.util.TypedValue getFixedHeightMajor()
com.github.mikephil.charting.charts.Chart: void setMarker(com.github.mikephil.charting.components.IMarker)
androidx.core.view.contentcapture.ContentCaptureSessionCompat$Api29Impl: void notifyViewsDisappeared(android.view.contentcapture.ContentCaptureSession,android.view.autofill.AutofillId,long[])
kotlin.reflect.jvm.internal.impl.types.error.ErrorEntity: kotlin.reflect.jvm.internal.impl.types.error.ErrorEntity valueOf(java.lang.String)
com.github.mikephil.charting.charts.PieChart: float getHoleRadius()
androidx.constraintlayout.widget.ConstraintLayout: void setId(int)
androidx.appcompat.widget.Toolbar: int getTitleMarginStart()
com.github.mikephil.charting.charts.Chart: void setHardwareAccelerationEnabled(boolean)
com.github.mikephil.charting.charts.BarLineChartBase: void setKeepPositionOnRotation(boolean)
androidx.constraintlayout.solver.widgets.analyzer.DependencyNode$Type: androidx.constraintlayout.solver.widgets.analyzer.DependencyNode$Type valueOf(java.lang.String)
androidx.core.view.ViewCompat$Api28Impl: void setAutofillId(android.view.View,android.view.autofill.AutofillId)
kotlin.reflect.jvm.internal.impl.protobuf.WireFormat$FieldType: kotlin.reflect.jvm.internal.impl.protobuf.WireFormat$FieldType[] values()
androidx.appcompat.widget.AppCompatTextViewAutoSizeHelper$Impl: void computeAndSetTextDirection(android.text.StaticLayout$Builder,android.widget.TextView)
androidx.core.content.ContextCompat$Api23Impl: java.lang.Object getSystemService(android.content.Context,java.lang.Class)
androidx.core.view.accessibility.AccessibilityNodeInfoCompat$Api19Impl: android.os.Bundle getExtras(android.view.accessibility.AccessibilityNodeInfo)
androidx.compose.ui.window.PopupLayout: androidx.compose.ui.layout.LayoutCoordinates getParentLayoutCoordinates()
com.github.mikephil.charting.charts.Chart: void setUnbindEnabled(boolean)
androidx.appcompat.widget.LinearLayoutCompat: int getGravity()
androidx.appcompat.widget.Toolbar: java.lang.CharSequence getSubtitle()
androidx.recyclerview.widget.RecyclerView: int getBaseline()
androidx.room.RoomDatabase: boolean isOpenInternal()
com.google.android.material.behavior.HideBottomViewOnScrollBehavior: HideBottomViewOnScrollBehavior()
androidx.compose.ui.platform.TextToolbarStatus: androidx.compose.ui.platform.TextToolbarStatus valueOf(java.lang.String)
androidx.core.os.LocaleListCompat$Api24Impl: android.os.LocaleList createLocaleList(java.util.Locale[])
androidx.core.view.ViewCompat$Api16Impl: boolean hasTransientState(android.view.View)
androidx.compose.ui.focus.CustomDestinationResult: androidx.compose.ui.focus.CustomDestinationResult[] values()
com.github.mikephil.charting.charts.Chart: float getXChartMin()
androidx.core.view.accessibility.AccessibilityNodeInfoCompat$Api34Impl: void setMinDurationBetweenContentChangeMillis(android.view.accessibility.AccessibilityNodeInfo,long)
com.github.mikephil.charting.charts.Chart: void setNoDataTextColor(int)
androidx.appcompat.widget.SwitchCompat: int getCompoundPaddingRight()
androidx.appcompat.widget.AppCompatImageButton: void setSupportBackgroundTintMode(android.graphics.PorterDuff$Mode)
androidx.core.view.accessibility.AccessibilityNodeInfoCompat$Api34Impl: void setAccessibilityDataSensitive(android.view.accessibility.AccessibilityNodeInfo,boolean)
com.google.android.material.snackbar.BaseTransientBottomBar$SnackbarBaseLayout: int getMaxWidth()